<?xml version="1.0" encoding="UTF-8"?>
<beans xmlns="http://www.springframework.org/schema/beans"
	xmlns:xsi="http://www.w3.org/2001/XMLSchema-instance" xmlns:context="http://www.springframework.org/schema/context"
	xmlns:util="http://www.springframework.org/schema/util"
	xmlns:tx="http://www.springframework.org/schema/tx"
	 xmlns:jpa="http://www.springframework.org/schema/data/jpa"
	xsi:schemaLocation="http://www.springframework.org/schema/beans http://www.springframework.org/schema/beans/spring-beans-3.2.xsd
           http://www.springframework.org/schema/context http://www.springframework.org/schema/context/spring-context-3.2.xsd
           http://www.springframework.org/schema/tx http://www.springframework.org/schema/tx/spring-tx-4.0.xsd
           http://www.springframework.org/schema/util http://www.springframework.org/schema/util/spring-util-3.2.xsd
           http://www.springframework.org/schema/data/jpa http://www.springframework.org/schema/data/jpa/spring-jpa-1.0.xsd">

	<context:annotation-config  />
	<context:component-scan base-package="com.jedlab.pm.service" />
	<tx:annotation-driven transaction-manager="transactionManager" />
	
	<context:property-placeholder location="classpath*:database.properties"/>
	
	<bean id="mainDataSource" class="com.mchange.v2.c3p0.ComboPooledDataSource"
		destroy-method="close">
		<property name="driverClass" value="${profile.db.driver}" />
		<property name="jdbcUrl" value="${profile.db.url}" />
		<property name="user" value="${profile.db.username}" />
		<property name="password" value="${profile.db.password}" />
		<property name="maxPoolSize" value="50" />
		<property name="minPoolSize" value="3" />
		<property name="maxStatements" value="150" />
		
	</bean>
	
	


	

	<!-- SPRING - JPA -->
	<jpa:repositories base-package="com.jedlab.pm.dao"  entity-manager-factory-ref="entityManagerFactory" transaction-manager-ref="transactionManager" />

	<bean class="org.springframework.orm.jpa.JpaTransactionManager"
		id="transactionManager">
		<property name="entityManagerFactory"  ref="entityManagerFactory" />
		<property name="jpaDialect">
			<bean class="org.springframework.orm.jpa.vendor.HibernateJpaDialect" />
		</property>
	</bean>

	<bean id="entityManagerFactory"
		class="org.springframework.orm.jpa.LocalContainerEntityManagerFactoryBean">
		<property name="dataSource" ref="mainDataSource" />
		<property name="packagesToScan" value="com.jedlab.pm.model" />
		<property name="jpaVendorAdapter">
			<bean class="org.springframework.orm.jpa.vendor.HibernateJpaVendorAdapter">
				<property name="generateDdl" value="true" />
				<property name="showSql" value="${profile.db.show_sql}" />
				<property name="databasePlatform" value="${profile.db.dialect}" />
				<property name="database" value="${profile.db.database}" />
			</bean>
		</property>

	</bean>

</beans>